{
  "C:\\Users\\Isabelly Cardoso\\Documents\\isa\\react-user-management": {
    "path": "C:\\Users\\Isabelly Cardoso\\Documents\\isa\\react-user-management",
    "statementMap": {},
    "fnMap": {},
    "branchMap": {},
    "s": {},
    "f": {},
    "b": {},
    "meta": {
      "lastBranch": 0,
      "lastFunction": 0,
      "lastStatement": 0,
      "seen": {}
    }
  },
  "C:\\Users\\Isabelly Cardoso\\Documents\\isa\\react-user-management\\.storybook\\preview.ts": {
    "path": "C:\\Users\\Isabelly Cardoso\\Documents\\isa\\react-user-management\\.storybook\\preview.ts",
    "statementMap": {
      "0": {
        "start": { "line": 3, "column": 25 },
        "end": { "line": 19, "column": null }
      }
    },
    "fnMap": {},
    "branchMap": {},
    "s": { "0": 7 },
    "f": {},
    "b": {},
    "meta": {
      "lastBranch": 0,
      "lastFunction": 0,
      "lastStatement": 1,
      "seen": { "s:3:25:19:Infinity": 0 }
    }
  },
  "C:\\Users\\Isabelly Cardoso\\Documents\\isa\\react-user-management\\src\\components\\DeleteUserDialog\\index.tsx": {
    "path": "C:\\Users\\Isabelly Cardoso\\Documents\\isa\\react-user-management\\src\\components\\DeleteUserDialog\\index.tsx",
    "statementMap": {
      "0": {
        "start": { "line": 1, "column": 32 },
        "end": { "line": 1, "column": null }
      },
      "1": {
        "start": { "line": 25, "column": 32 },
        "end": { "line": 25, "column": null }
      },
      "2": {
        "start": { "line": 27, "column": 24 },
        "end": { "line": 34, "column": null }
      },
      "3": {
        "start": { "line": 28, "column": 4 },
        "end": { "line": 33, "column": null }
      },
      "4": {
        "start": { "line": 29, "column": 6 },
        "end": { "line": 29, "column": null }
      },
      "5": {
        "start": { "line": 30, "column": 6 },
        "end": { "line": 30, "column": null }
      },
      "6": {
        "start": { "line": 32, "column": 6 },
        "end": { "line": 32, "column": null }
      },
      "7": {
        "start": { "line": 36, "column": 24 },
        "end": { "line": 36, "column": null }
      },
      "8": {
        "start": { "line": 38, "column": 2 },
        "end": { "line": 89, "column": null }
      }
    },
    "fnMap": {
      "0": {
        "name": "DeleteUserDialog",
        "decl": {
          "start": { "line": 19, "column": 16 },
          "end": { "line": 19, "column": 33 }
        },
        "loc": {
          "start": { "line": 24, "column": 24 },
          "end": { "line": 95, "column": null }
        },
        "line": 24
      },
      "1": {
        "name": "(anonymous_1)",
        "decl": {
          "start": { "line": 27, "column": 24 },
          "end": { "line": 27, "column": null }
        },
        "loc": {
          "start": { "line": 27, "column": 24 },
          "end": { "line": 34, "column": null }
        },
        "line": 27
      }
    },
    "branchMap": {
      "0": {
        "loc": {
          "start": { "line": 55, "column": 19 },
          "end": { "line": 55, "column": 55 }
        },
        "type": "binary-expr",
        "locations": [
          {
            "start": { "line": 55, "column": 19 },
            "end": { "line": 55, "column": 31 }
          },
          {
            "start": { "line": 55, "column": 31 },
            "end": { "line": 55, "column": 55 }
          }
        ],
        "line": 55
      },
      "1": {
        "loc": {
          "start": { "line": 58, "column": 9 },
          "end": { "line": 64, "column": null }
        },
        "type": "binary-expr",
        "locations": [
          {
            "start": { "line": 58, "column": 9 },
            "end": { "line": 58, "column": null }
          },
          {
            "start": { "line": 59, "column": 10 },
            "end": { "line": 64, "column": null }
          }
        ],
        "line": 58
      },
      "2": {
        "loc": {
          "start": { "line": 86, "column": 11 },
          "end": { "line": 89, "column": null }
        },
        "type": "cond-expr",
        "locations": [
          {
            "start": { "line": 87, "column": 12 },
            "end": { "line": 89, "column": null }
          },
          {
            "start": { "line": 89, "column": 12 },
            "end": { "line": 89, "column": null }
          }
        ],
        "line": 86
      }
    },
    "s": {
      "0": 1,
      "1": 2,
      "2": 2,
      "3": 0,
      "4": 0,
      "5": 0,
      "6": 0,
      "7": 2,
      "8": 2
    },
    "f": { "0": 2, "1": 0 },
    "b": { "0": [2, 1], "1": [2, 0], "2": [0, 2] },
    "meta": {
      "lastBranch": 3,
      "lastFunction": 2,
      "lastStatement": 9,
      "seen": {
        "s:1:32:1:Infinity": 0,
        "f:19:16:19:33": 0,
        "s:25:32:25:Infinity": 1,
        "s:27:24:34:Infinity": 2,
        "f:27:24:27:Infinity": 1,
        "s:28:4:33:Infinity": 3,
        "s:29:6:29:Infinity": 4,
        "s:30:6:30:Infinity": 5,
        "s:32:6:32:Infinity": 6,
        "s:36:24:36:Infinity": 7,
        "s:38:2:89:Infinity": 8,
        "b:55:19:55:31:55:31:55:55": 0,
        "b:58:9:58:Infinity:59:10:64:Infinity": 1,
        "b:87:12:89:Infinity:89:12:89:Infinity": 2
      }
    }
  },
  "C:\\Users\\Isabelly Cardoso\\Documents\\isa\\react-user-management\\src\\components\\UsersHeader\\index.tsx": {
    "path": "C:\\Users\\Isabelly Cardoso\\Documents\\isa\\react-user-management\\src\\components\\UsersHeader\\index.tsx",
    "statementMap": {
      "0": {
        "start": { "line": 9, "column": 18 },
        "end": { "line": 9, "column": null }
      },
      "1": {
        "start": { "line": 11, "column": 2 },
        "end": { "line": 35, "column": null }
      }
    },
    "fnMap": {
      "0": {
        "name": "UsersHeader",
        "decl": {
          "start": { "line": 8, "column": 16 },
          "end": { "line": 8, "column": 28 }
        },
        "loc": {
          "start": { "line": 8, "column": 44 },
          "end": { "line": 40, "column": null }
        },
        "line": 8
      }
    },
    "branchMap": {},
    "s": { "0": 1, "1": 1 },
    "f": { "0": 1 },
    "b": {},
    "meta": {
      "lastBranch": 0,
      "lastFunction": 1,
      "lastStatement": 2,
      "seen": {
        "f:8:16:8:28": 0,
        "s:9:18:9:Infinity": 0,
        "s:11:2:35:Infinity": 1
      }
    }
  },
  "C:\\Users\\Isabelly Cardoso\\Documents\\isa\\react-user-management\\src\\components\\UsersSearch\\index.tsx": {
    "path": "C:\\Users\\Isabelly Cardoso\\Documents\\isa\\react-user-management\\src\\components\\UsersSearch\\index.tsx",
    "statementMap": {
      "0": {
        "start": { "line": 10, "column": 18 },
        "end": { "line": 10, "column": null }
      },
      "1": {
        "start": { "line": 12, "column": 2 },
        "end": { "line": 28, "column": null }
      },
      "2": {
        "start": { "line": 20, "column": 25 },
        "end": { "line": 20, "column": null }
      }
    },
    "fnMap": {
      "0": {
        "name": "UsersSearch",
        "decl": {
          "start": { "line": 9, "column": 16 },
          "end": { "line": 9, "column": 28 }
        },
        "loc": {
          "start": { "line": 9, "column": 54 },
          "end": { "line": 32, "column": null }
        },
        "line": 9
      },
      "1": {
        "name": "(anonymous_1)",
        "decl": {
          "start": { "line": 20, "column": 18 },
          "end": { "line": 20, "column": 19 }
        },
        "loc": {
          "start": { "line": 20, "column": 25 },
          "end": { "line": 20, "column": null }
        },
        "line": 20
      }
    },
    "branchMap": {},
    "s": { "0": 1, "1": 1, "2": 0 },
    "f": { "0": 1, "1": 0 },
    "b": {},
    "meta": {
      "lastBranch": 0,
      "lastFunction": 2,
      "lastStatement": 3,
      "seen": {
        "f:9:16:9:28": 0,
        "s:10:18:10:Infinity": 0,
        "s:12:2:28:Infinity": 1,
        "f:20:18:20:19": 1,
        "s:20:25:20:Infinity": 2
      }
    }
  },
  "C:\\Users\\Isabelly Cardoso\\Documents\\isa\\react-user-management\\src\\components\\UsersTable\\index.tsx": {
    "path": "C:\\Users\\Isabelly Cardoso\\Documents\\isa\\react-user-management\\src\\components\\UsersTable\\index.tsx",
    "statementMap": {
      "0": {
        "start": { "line": 20, "column": 32 },
        "end": { "line": 20, "column": null }
      },
      "1": {
        "start": { "line": 37, "column": 26 },
        "end": { "line": 37, "column": null }
      },
      "2": {
        "start": { "line": 38, "column": 40 },
        "end": { "line": 38, "column": null }
      },
      "3": {
        "start": { "line": 40, "column": 21 },
        "end": { "line": 40, "column": null }
      },
      "4": {
        "start": { "line": 42, "column": 25 },
        "end": { "line": 44, "column": null }
      },
      "5": {
        "start": { "line": 47, "column": 2 },
        "end": { "line": 140, "column": null }
      },
      "6": {
        "start": { "line": 73, "column": 12 },
        "end": { "line": 73, "column": 36 }
      },
      "7": {
        "start": { "line": 87, "column": 33 },
        "end": { "line": 87, "column": null }
      },
      "8": {
        "start": { "line": 94, "column": 33 },
        "end": { "line": 94, "column": null }
      },
      "9": {
        "start": { "line": 121, "column": 14 },
        "end": { "line": 121, "column": null }
      },
      "10": {
        "start": { "line": 122, "column": 14 },
        "end": { "line": 122, "column": null }
      },
      "11": {
        "start": { "line": 126, "column": 14 },
        "end": { "line": 126, "column": 37 }
      },
      "12": {
        "start": { "line": 136, "column": 34 },
        "end": { "line": 136, "column": null }
      },
      "13": {
        "start": { "line": 138, "column": 12 },
        "end": { "line": 140, "column": 33 }
      }
    },
    "fnMap": {
      "0": {
        "name": "UsersTable",
        "decl": {
          "start": { "line": 30, "column": 16 },
          "end": { "line": 30, "column": 27 }
        },
        "loc": {
          "start": { "line": 36, "column": 8 },
          "end": { "line": 146, "column": null }
        },
        "line": 36
      },
      "1": {
        "name": "(anonymous_1)",
        "decl": {
          "start": { "line": 72, "column": 30 },
          "end": { "line": 72, "column": 31 }
        },
        "loc": {
          "start": { "line": 73, "column": 12 },
          "end": { "line": 73, "column": 36 }
        },
        "line": 73
      },
      "2": {
        "name": "(anonymous_2)",
        "decl": {
          "start": { "line": 87, "column": 27 },
          "end": { "line": 87, "column": 33 }
        },
        "loc": {
          "start": { "line": 87, "column": 33 },
          "end": { "line": 87, "column": null }
        },
        "line": 87
      },
      "3": {
        "name": "(anonymous_3)",
        "decl": {
          "start": { "line": 94, "column": 27 },
          "end": { "line": 94, "column": 33 }
        },
        "loc": {
          "start": { "line": 94, "column": 33 },
          "end": { "line": 94, "column": null }
        },
        "line": 94
      },
      "4": {
        "name": "(anonymous_4)",
        "decl": {
          "start": { "line": 120, "column": 22 },
          "end": { "line": 120, "column": 23 }
        },
        "loc": {
          "start": { "line": 120, "column": 23 },
          "end": { "line": 123, "column": null }
        },
        "line": 120
      },
      "5": {
        "name": "(anonymous_5)",
        "decl": {
          "start": { "line": 125, "column": 29 },
          "end": { "line": 125, "column": 30 }
        },
        "loc": {
          "start": { "line": 126, "column": 14 },
          "end": { "line": 126, "column": 37 }
        },
        "line": 126
      },
      "6": {
        "name": "(anonymous_6)",
        "decl": {
          "start": { "line": 136, "column": 20 },
          "end": { "line": 136, "column": 21 }
        },
        "loc": {
          "start": { "line": 136, "column": 34 },
          "end": { "line": 136, "column": null }
        },
        "line": 136
      },
      "7": {
        "name": "(anonymous_7)",
        "decl": {
          "start": { "line": 137, "column": 28 },
          "end": { "line": 137, "column": 29 }
        },
        "loc": {
          "start": { "line": 138, "column": 12 },
          "end": { "line": 140, "column": 33 }
        },
        "line": 138
      }
    },
    "branchMap": {
      "0": {
        "loc": {
          "start": { "line": 81, "column": 25 },
          "end": { "line": 81, "column": null }
        },
        "type": "cond-expr",
        "locations": [
          {
            "start": { "line": 81, "column": 51 },
            "end": { "line": 81, "column": 63 }
          },
          {
            "start": { "line": 81, "column": 63 },
            "end": { "line": 81, "column": null }
          }
        ],
        "line": 81
      },
      "1": {
        "loc": {
          "start": { "line": 138, "column": 12 },
          "end": { "line": 140, "column": 33 }
        },
        "type": "cond-expr",
        "locations": [
          {
            "start": { "line": 139, "column": 16 },
            "end": { "line": 139, "column": 40 }
          },
          {
            "start": { "line": 140, "column": 16 },
            "end": { "line": 140, "column": 33 }
          }
        ],
        "line": 138
      }
    },
    "s": {
      "0": 1,
      "1": 1,
      "2": 1,
      "3": 1,
      "4": 1,
      "5": 1,
      "6": 2,
      "7": 0,
      "8": 0,
      "9": 0,
      "10": 0,
      "11": 3,
      "12": 0,
      "13": 3
    },
    "f": { "0": 1, "1": 2, "2": 0, "3": 0, "4": 0, "5": 3, "6": 0, "7": 3 },
    "b": { "0": [1, 1], "1": [1, 2] },
    "meta": {
      "lastBranch": 2,
      "lastFunction": 8,
      "lastStatement": 14,
      "seen": {
        "s:20:32:20:Infinity": 0,
        "f:30:16:30:27": 0,
        "s:37:26:37:Infinity": 1,
        "s:38:40:38:Infinity": 2,
        "s:40:21:40:Infinity": 3,
        "s:42:25:44:Infinity": 4,
        "s:47:2:140:Infinity": 5,
        "f:72:30:72:31": 1,
        "s:73:12:73:36": 6,
        "b:81:51:81:63:81:63:81:Infinity": 0,
        "f:87:27:87:33": 2,
        "s:87:33:87:Infinity": 7,
        "f:94:27:94:33": 3,
        "s:94:33:94:Infinity": 8,
        "f:120:22:120:23": 4,
        "s:121:14:121:Infinity": 9,
        "s:122:14:122:Infinity": 10,
        "f:125:29:125:30": 5,
        "s:126:14:126:37": 11,
        "f:136:20:136:21": 6,
        "s:136:34:136:Infinity": 12,
        "f:137:28:137:29": 7,
        "s:138:12:140:33": 13,
        "b:139:16:139:40:140:16:140:33": 1
      }
    }
  },
  "C:\\Users\\Isabelly Cardoso\\Documents\\isa\\react-user-management\\src\\stories\\Button.tsx": {
    "path": "C:\\Users\\Isabelly Cardoso\\Documents\\isa\\react-user-management\\src\\stories\\Button.tsx",
    "statementMap": {
      "0": {
        "start": { "line": 1, "column": 26 },
        "end": { "line": 1, "column": null }
      },
      "1": {
        "start": { "line": 19, "column": 22 },
        "end": { "line": 37, "column": 2 }
      },
      "2": {
        "start": { "line": 26, "column": 15 },
        "end": { "line": 26, "column": null }
      },
      "3": {
        "start": { "line": 27, "column": 2 },
        "end": { "line": 34, "column": null }
      }
    },
    "fnMap": {
      "0": {
        "name": "(anonymous_0)",
        "decl": {
          "start": { "line": 19, "column": 22 },
          "end": { "line": 19, "column": 23 }
        },
        "loc": {
          "start": { "line": 25, "column": 14 },
          "end": { "line": 37, "column": 2 }
        },
        "line": 25
      }
    },
    "branchMap": {
      "0": {
        "loc": {
          "start": { "line": 20, "column": 2 },
          "end": { "line": 20, "column": 17 }
        },
        "type": "default-arg",
        "locations": [
          {
            "start": { "line": 20, "column": 12 },
            "end": { "line": 20, "column": 17 }
          }
        ],
        "line": 20
      },
      "1": {
        "loc": {
          "start": { "line": 21, "column": 2 },
          "end": { "line": 21, "column": 17 }
        },
        "type": "default-arg",
        "locations": [
          {
            "start": { "line": 21, "column": 9 },
            "end": { "line": 21, "column": 17 }
          }
        ],
        "line": 21
      },
      "2": {
        "loc": {
          "start": { "line": 26, "column": 15 },
          "end": { "line": 26, "column": null }
        },
        "type": "cond-expr",
        "locations": [
          {
            "start": { "line": 26, "column": 25 },
            "end": { "line": 26, "column": 55 }
          },
          {
            "start": { "line": 26, "column": 55 },
            "end": { "line": 26, "column": null }
          }
        ],
        "line": 26
      }
    },
    "s": { "0": 3, "1": 3, "2": 12, "3": 12 },
    "f": { "0": 12 },
    "b": { "0": [12], "1": [12], "2": [4, 8] },
    "meta": {
      "lastBranch": 3,
      "lastFunction": 1,
      "lastStatement": 4,
      "seen": {
        "s:1:26:1:Infinity": 0,
        "s:19:22:37:2": 1,
        "f:19:22:19:23": 0,
        "b:20:12:20:17": 0,
        "b:21:9:21:17": 1,
        "s:26:15:26:Infinity": 2,
        "b:26:25:26:55:26:55:26:Infinity": 2,
        "s:27:2:34:Infinity": 3
      }
    }
  },
  "C:\\Users\\Isabelly Cardoso\\Documents\\isa\\react-user-management\\src\\stories\\Header.tsx": {
    "path": "C:\\Users\\Isabelly Cardoso\\Documents\\isa\\react-user-management\\src\\stories\\Header.tsx",
    "statementMap": {
      "0": {
        "start": { "line": 1, "column": 26 },
        "end": { "line": 1, "column": null }
      },
      "1": {
        "start": { "line": 17, "column": 22 },
        "end": { "line": 56, "column": null }
      },
      "2": {
        "start": { "line": 18, "column": 2 },
        "end": { "line": 56, "column": null }
      }
    },
    "fnMap": {
      "0": {
        "name": "(anonymous_0)",
        "decl": {
          "start": { "line": 17, "column": 22 },
          "end": { "line": 17, "column": 23 }
        },
        "loc": {
          "start": { "line": 18, "column": 2 },
          "end": { "line": 56, "column": null }
        },
        "line": 18
      }
    },
    "branchMap": {
      "0": {
        "loc": {
          "start": { "line": 40, "column": 9 },
          "end": { "line": 50, "column": null }
        },
        "type": "cond-expr",
        "locations": [
          {
            "start": { "line": 41, "column": 10 },
            "end": { "line": 48, "column": null }
          },
          {
            "start": { "line": 48, "column": 10 },
            "end": { "line": 50, "column": null }
          }
        ],
        "line": 40
      }
    },
    "s": { "0": 2, "1": 2, "2": 5 },
    "f": { "0": 5 },
    "b": { "0": [2, 3] },
    "meta": {
      "lastBranch": 1,
      "lastFunction": 1,
      "lastStatement": 3,
      "seen": {
        "s:1:26:1:Infinity": 0,
        "s:17:22:56:Infinity": 1,
        "f:17:22:17:23": 0,
        "s:18:2:56:Infinity": 2,
        "b:41:10:48:Infinity:48:10:50:Infinity": 0
      }
    }
  },
  "C:\\Users\\Isabelly Cardoso\\Documents\\isa\\react-user-management\\src\\stories\\Page.tsx": {
    "path": "C:\\Users\\Isabelly Cardoso\\Documents\\isa\\react-user-management\\src\\stories\\Page.tsx",
    "statementMap": {
      "0": {
        "start": { "line": 1, "column": 26 },
        "end": { "line": 1, "column": null }
      },
      "1": {
        "start": { "line": 10, "column": 30 },
        "end": { "line": 73, "column": 2 }
      },
      "2": {
        "start": { "line": 11, "column": 26 },
        "end": { "line": 11, "column": null }
      },
      "3": {
        "start": { "line": 13, "column": 2 },
        "end": { "line": 67, "column": null }
      },
      "4": {
        "start": { "line": 17, "column": 23 },
        "end": { "line": 17, "column": null }
      },
      "5": {
        "start": { "line": 18, "column": 24 },
        "end": { "line": 18, "column": null }
      },
      "6": {
        "start": { "line": 19, "column": 31 },
        "end": { "line": 19, "column": null }
      }
    },
    "fnMap": {
      "0": {
        "name": "(anonymous_0)",
        "decl": {
          "start": { "line": 10, "column": 30 },
          "end": { "line": 10, "column": null }
        },
        "loc": {
          "start": { "line": 10, "column": 30 },
          "end": { "line": 73, "column": 2 }
        },
        "line": 10
      },
      "1": {
        "name": "(anonymous_1)",
        "decl": {
          "start": { "line": 17, "column": 17 },
          "end": { "line": 17, "column": 23 }
        },
        "loc": {
          "start": { "line": 17, "column": 23 },
          "end": { "line": 17, "column": null }
        },
        "line": 17
      },
      "2": {
        "name": "(anonymous_2)",
        "decl": {
          "start": { "line": 18, "column": 18 },
          "end": { "line": 18, "column": 24 }
        },
        "loc": {
          "start": { "line": 18, "column": 24 },
          "end": { "line": 18, "column": null }
        },
        "line": 18
      },
      "3": {
        "name": "(anonymous_3)",
        "decl": {
          "start": { "line": 19, "column": 25 },
          "end": { "line": 19, "column": 31 }
        },
        "loc": {
          "start": { "line": 19, "column": 31 },
          "end": { "line": 19, "column": null }
        },
        "line": 19
      }
    },
    "branchMap": {},
    "s": { "0": 1, "1": 1, "2": 3, "3": 3, "4": 1, "5": 0, "6": 0 },
    "f": { "0": 3, "1": 1, "2": 0, "3": 0 },
    "b": {},
    "meta": {
      "lastBranch": 0,
      "lastFunction": 4,
      "lastStatement": 7,
      "seen": {
        "s:1:26:1:Infinity": 0,
        "s:10:30:73:2": 1,
        "f:10:30:10:Infinity": 0,
        "s:11:26:11:Infinity": 2,
        "s:13:2:67:Infinity": 3,
        "f:17:17:17:23": 1,
        "s:17:23:17:Infinity": 4,
        "f:18:18:18:24": 2,
        "s:18:24:18:Infinity": 5,
        "f:19:25:19:31": 3,
        "s:19:31:19:Infinity": 6
      }
    }
  },
  "C:\\Users\\Isabelly Cardoso\\Documents\\isa\\react-user-management\\src\\stories\\button.css": {
    "path": "C:\\Users\\Isabelly Cardoso\\Documents\\isa\\react-user-management\\src\\stories\\button.css",
    "statementMap": {},
    "fnMap": {},
    "branchMap": {},
    "s": {},
    "f": {},
    "b": {},
    "meta": {
      "lastBranch": 0,
      "lastFunction": 0,
      "lastStatement": 0,
      "seen": {}
    }
  },
  "C:\\Users\\Isabelly Cardoso\\Documents\\isa\\react-user-management\\src\\stories\\header.css": {
    "path": "C:\\Users\\Isabelly Cardoso\\Documents\\isa\\react-user-management\\src\\stories\\header.css",
    "statementMap": {},
    "fnMap": {},
    "branchMap": {},
    "s": {},
    "f": {},
    "b": {},
    "meta": {
      "lastBranch": 0,
      "lastFunction": 0,
      "lastStatement": 0,
      "seen": {}
    }
  },
  "C:\\Users\\Isabelly Cardoso\\Documents\\isa\\react-user-management\\src\\stories\\page.css": {
    "path": "C:\\Users\\Isabelly Cardoso\\Documents\\isa\\react-user-management\\src\\stories\\page.css",
    "statementMap": {},
    "fnMap": {},
    "branchMap": {},
    "s": {},
    "f": {},
    "b": {},
    "meta": {
      "lastBranch": 0,
      "lastFunction": 0,
      "lastStatement": 0,
      "seen": {}
    }
  }
}
