{"C:\\Users\\Isabelly Cardoso\\Documents\\isa\\react-user-management\\src\\features\\users\\components\\DeleteUserDialog\\index.tsx": {"path":"C:\\Users\\Isabelly Cardoso\\Documents\\isa\\react-user-management\\src\\features\\users\\components\\DeleteUserDialog\\index.tsx","statementMap":{"0":{"start":{"line":25,"column":28},"end":{"line":25,"column":null}},"1":{"start":{"line":27,"column":24},"end":{"line":34,"column":null}},"2":{"start":{"line":28,"column":4},"end":{"line":33,"column":null}},"3":{"start":{"line":29,"column":6},"end":{"line":29,"column":null}},"4":{"start":{"line":30,"column":6},"end":{"line":30,"column":null}},"5":{"start":{"line":32,"column":6},"end":{"line":32,"column":null}},"6":{"start":{"line":36,"column":24},"end":{"line":36,"column":null}},"7":{"start":{"line":38,"column":2},"end":{"line":80,"column":null}}},"fnMap":{"0":{"name":"DeleteUserDialog","decl":{"start":{"line":19,"column":16},"end":{"line":19,"column":33}},"loc":{"start":{"line":24,"column":26},"end":{"line":82,"column":null}},"line":24},"1":{"name":"(anonymous_1)","decl":{"start":{"line":27,"column":24},"end":{"line":27,"column":36}},"loc":{"start":{"line":27,"column":36},"end":{"line":34,"column":null}},"line":27}},"branchMap":{"0":{"loc":{"start":{"line":50,"column":19},"end":{"line":50,"column":46}},"type":"binary-expr","locations":[{"start":{"line":50,"column":19},"end":{"line":50,"column":31}},{"start":{"line":50,"column":31},"end":{"line":50,"column":46}}],"line":50},"1":{"loc":{"start":{"line":53,"column":9},"end":{"line":61,"column":null}},"type":"binary-expr","locations":[{"start":{"line":53,"column":9},"end":{"line":53,"column":null}},{"start":{"line":54,"column":10},"end":{"line":61,"column":null}}],"line":53},"2":{"loc":{"start":{"line":77,"column":11},"end":{"line":77,"column":null}},"type":"cond-expr","locations":[{"start":{"line":77,"column":21},"end":{"line":77,"column":54}},{"start":{"line":77,"column":54},"end":{"line":77,"column":null}}],"line":77}},"s":{"0":4,"1":4,"2":1,"3":1,"4":1,"5":1,"6":4,"7":4},"f":{"0":4,"1":1},"b":{"0":[4,0],"1":[4,1],"2":[1,3]},"meta":{"lastBranch":3,"lastFunction":2,"lastStatement":8,"seen":{"f:19:16:19:33":0,"s:25:28:25:Infinity":0,"s:27:24:34:Infinity":1,"f:27:24:27:36":1,"s:28:4:33:Infinity":2,"s:29:6:29:Infinity":3,"s:30:6:30:Infinity":4,"s:32:6:32:Infinity":5,"s:36:24:36:Infinity":6,"s:38:2:80:Infinity":7,"b:50:19:50:31:50:31:50:46":0,"b:53:9:53:Infinity:54:10:61:Infinity":1,"b:77:21:77:54:77:54:77:Infinity":2}}}
,"C:\\Users\\Isabelly Cardoso\\Documents\\isa\\react-user-management\\src\\features\\users\\components\\Sidebar\\index.tsx": {"path":"C:\\Users\\Isabelly Cardoso\\Documents\\isa\\react-user-management\\src\\features\\users\\components\\Sidebar\\index.tsx","statementMap":{"0":{"start":{"line":21,"column":8},"end":{"line":21,"column":null}},"1":{"start":{"line":22,"column":8},"end":{"line":22,"column":null}},"2":{"start":{"line":22,"column":53},"end":{"line":22,"column":73}},"3":{"start":{"line":23,"column":22},"end":{"line":23,"column":null}},"4":{"start":{"line":25,"column":2},"end":{"line":88,"column":null}},"5":{"start":{"line":29,"column":25},"end":{"line":29,"column":null}},"6":{"start":{"line":58,"column":37},"end":{"line":58,"column":54}},"7":{"start":{"line":77,"column":27},"end":{"line":77,"column":null}}},"fnMap":{"0":{"name":"Sidebar","decl":{"start":{"line":20,"column":16},"end":{"line":20,"column":26}},"loc":{"start":{"line":20,"column":26},"end":{"line":90,"column":null}},"line":20},"1":{"name":"(anonymous_1)","decl":{"start":{"line":22,"column":31},"end":{"line":22,"column":32}},"loc":{"start":{"line":22,"column":53},"end":{"line":22,"column":73}},"line":22},"2":{"name":"(anonymous_2)","decl":{"start":{"line":29,"column":19},"end":{"line":29,"column":25}},"loc":{"start":{"line":29,"column":25},"end":{"line":29,"column":null}},"line":29},"3":{"name":"(anonymous_3)","decl":{"start":{"line":58,"column":31},"end":{"line":58,"column":37}},"loc":{"start":{"line":58,"column":37},"end":{"line":58,"column":54}},"line":58},"4":{"name":"(anonymous_4)","decl":{"start":{"line":77,"column":21},"end":{"line":77,"column":27}},"loc":{"start":{"line":77,"column":27},"end":{"line":77,"column":null}},"line":77}},"branchMap":{"0":{"loc":{"start":{"line":27,"column":7},"end":{"line":35,"column":null}},"type":"binary-expr","locations":[{"start":{"line":27,"column":7},"end":{"line":27,"column":null}},{"start":{"line":28,"column":8},"end":{"line":35,"column":null}}],"line":27},"1":{"loc":{"start":{"line":79,"column":24},"end":{"line":79,"column":null}},"type":"cond-expr","locations":[{"start":{"line":79,"column":35},"end":{"line":79,"column":57}},{"start":{"line":79,"column":57},"end":{"line":79,"column":null}}],"line":79},"2":{"loc":{"start":{"line":81,"column":13},"end":{"line":81,"column":null}},"type":"cond-expr","locations":[{"start":{"line":81,"column":24},"end":{"line":81,"column":46}},{"start":{"line":81,"column":46},"end":{"line":81,"column":null}}],"line":81},"3":{"loc":{"start":{"line":84,"column":13},"end":{"line":84,"column":null}},"type":"cond-expr","locations":[{"start":{"line":84,"column":24},"end":{"line":84,"column":40}},{"start":{"line":84,"column":40},"end":{"line":84,"column":null}}],"line":84}},"s":{"0":8,"1":8,"2":13,"3":8,"4":8,"5":1,"6":2,"7":1},"f":{"0":8,"1":13,"2":1,"3":2,"4":1},"b":{"0":[8,2],"1":[1,7],"2":[1,7],"3":[1,7]},"meta":{"lastBranch":4,"lastFunction":5,"lastStatement":8,"seen":{"f:20:16:20:26":0,"s:21:8:21:Infinity":0,"s:22:8:22:Infinity":1,"f:22:31:22:32":1,"s:22:53:22:73":2,"s:23:22:23:Infinity":3,"s:25:2:88:Infinity":4,"b:27:7:27:Infinity:28:8:35:Infinity":0,"f:29:19:29:25":2,"s:29:25:29:Infinity":5,"f:58:31:58:37":3,"s:58:37:58:54":6,"f:77:21:77:27":4,"s:77:27:77:Infinity":7,"b:79:35:79:57:79:57:79:Infinity":1,"b:81:24:81:46:81:46:81:Infinity":2,"b:84:24:84:40:84:40:84:Infinity":3}}}
,"C:\\Users\\Isabelly Cardoso\\Documents\\isa\\react-user-management\\src\\features\\users\\components\\UserFormDialog\\index.tsx": {"path":"C:\\Users\\Isabelly Cardoso\\Documents\\isa\\react-user-management\\src\\features\\users\\components\\UserFormDialog\\index.tsx","statementMap":{"0":{"start":{"line":44,"column":2},"end":{"line":51,"column":null}},"1":{"start":{"line":53,"column":2},"end":{"line":65,"column":null}},"2":{"start":{"line":54,"column":4},"end":{"line":64,"column":null}},"3":{"start":{"line":55,"column":6},"end":{"line":63,"column":null}},"4":{"start":{"line":56,"column":8},"end":{"line":56,"column":null}},"5":{"start":{"line":58,"column":8},"end":{"line":62,"column":null}},"6":{"start":{"line":67,"column":2},"end":{"line":164,"column":null}},"7":{"start":{"line":98,"column":16},"end":{"line":107,"column":null}},"8":{"start":{"line":115,"column":16},"end":{"line":123,"column":null}},"9":{"start":{"line":131,"column":16},"end":{"line":141,"column":null}}},"fnMap":{"0":{"name":"UserFormDialog","decl":{"start":{"line":32,"column":16},"end":{"line":32,"column":31}},"loc":{"start":{"line":38,"column":24},"end":{"line":166,"column":null}},"line":38},"1":{"name":"(anonymous_1)","decl":{"start":{"line":53,"column":12},"end":{"line":53,"column":18}},"loc":{"start":{"line":53,"column":18},"end":{"line":65,"column":5}},"line":53},"2":{"name":"(anonymous_2)","decl":{"start":{"line":97,"column":22},"end":{"line":97,"column":23}},"loc":{"start":{"line":98,"column":16},"end":{"line":107,"column":null}},"line":98},"3":{"name":"(anonymous_3)","decl":{"start":{"line":114,"column":22},"end":{"line":114,"column":23}},"loc":{"start":{"line":115,"column":16},"end":{"line":123,"column":null}},"line":115},"4":{"name":"(anonymous_4)","decl":{"start":{"line":130,"column":22},"end":{"line":130,"column":23}},"loc":{"start":{"line":131,"column":16},"end":{"line":141,"column":null}},"line":131}},"branchMap":{"0":{"loc":{"start":{"line":37,"column":2},"end":{"line":37,"column":null}},"type":"default-arg","locations":[{"start":{"line":37,"column":14},"end":{"line":37,"column":null}}],"line":37},"1":{"loc":{"start":{"line":54,"column":4},"end":{"line":64,"column":null}},"type":"if","locations":[{"start":{"line":54,"column":4},"end":{"line":64,"column":null}},{"start":{},"end":{}}],"line":54},"2":{"loc":{"start":{"line":55,"column":6},"end":{"line":63,"column":null}},"type":"if","locations":[{"start":{"line":55,"column":6},"end":{"line":63,"column":null}},{"start":{"line":57,"column":13},"end":{"line":63,"column":null}}],"line":55},"3":{"loc":{"start":{"line":78,"column":9},"end":{"line":78,"column":null}},"type":"cond-expr","locations":[{"start":{"line":78,"column":21},"end":{"line":78,"column":40}},{"start":{"line":78,"column":40},"end":{"line":78,"column":null}}],"line":78},"4":{"loc":{"start":{"line":87,"column":40},"end":{"line":87,"column":75}},"type":"cond-expr","locations":[{"start":{"line":87,"column":52},"end":{"line":87,"column":63}},{"start":{"line":87,"column":63},"end":{"line":87,"column":75}}],"line":87},"5":{"loc":{"start":{"line":154,"column":17},"end":{"line":158,"column":null}},"type":"cond-expr","locations":[{"start":{"line":155,"column":20},"end":{"line":155,"column":null}},{"start":{"line":156,"column":20},"end":{"line":158,"column":null}}],"line":154},"6":{"loc":{"start":{"line":156,"column":20},"end":{"line":158,"column":null}},"type":"cond-expr","locations":[{"start":{"line":157,"column":22},"end":{"line":157,"column":null}},{"start":{"line":158,"column":22},"end":{"line":158,"column":null}}],"line":156}},"s":{"0":12,"1":12,"2":5,"3":4,"4":2,"5":2,"6":12,"7":10,"8":20,"9":7},"f":{"0":12,"1":5,"2":10,"3":20,"4":7},"b":{"0":[12],"1":[4,1],"2":[2,2],"3":[2,10],"4":[2,10],"5":[1,11],"6":[2,9]},"meta":{"lastBranch":7,"lastFunction":5,"lastStatement":10,"seen":{"f:32:16:32:31":0,"b:37:14:37:Infinity":0,"s:44:2:51:Infinity":0,"s:53:2:65:Infinity":1,"f:53:12:53:18":1,"b:54:4:64:Infinity:undefined:undefined:undefined:undefined":1,"s:54:4:64:Infinity":2,"b:55:6:63:Infinity:57:13:63:Infinity":2,"s:55:6:63:Infinity":3,"s:56:8:56:Infinity":4,"s:58:8:62:Infinity":5,"s:67:2:164:Infinity":6,"b:78:21:78:40:78:40:78:Infinity":3,"b:87:52:87:63:87:63:87:75":4,"f:97:22:97:23":2,"s:98:16:107:Infinity":7,"f:114:22:114:23":3,"s:115:16:123:Infinity":8,"f:130:22:130:23":4,"s:131:16:141:Infinity":9,"b:155:20:155:Infinity:156:20:158:Infinity":5,"b:157:22:157:Infinity:158:22:158:Infinity":6}}}
,"C:\\Users\\Isabelly Cardoso\\Documents\\isa\\react-user-management\\src\\features\\users\\components\\UsersHeader\\index.tsx": {"path":"C:\\Users\\Isabelly Cardoso\\Documents\\isa\\react-user-management\\src\\features\\users\\components\\UsersHeader\\index.tsx","statementMap":{"0":{"start":{"line":9,"column":18},"end":{"line":9,"column":null}},"1":{"start":{"line":11,"column":2},"end":{"line":33,"column":null}}},"fnMap":{"0":{"name":"UsersHeader","decl":{"start":{"line":8,"column":16},"end":{"line":8,"column":28}},"loc":{"start":{"line":8,"column":57},"end":{"line":35,"column":null}},"line":8}},"branchMap":{},"s":{"0":2,"1":2},"f":{"0":2},"b":{},"meta":{"lastBranch":0,"lastFunction":1,"lastStatement":2,"seen":{"f:8:16:8:28":0,"s:9:18:9:Infinity":0,"s:11:2:33:Infinity":1}}}
,"C:\\Users\\Isabelly Cardoso\\Documents\\isa\\react-user-management\\src\\features\\users\\components\\UsersSearch\\index.tsx": {"path":"C:\\Users\\Isabelly Cardoso\\Documents\\isa\\react-user-management\\src\\features\\users\\components\\UsersSearch\\index.tsx","statementMap":{"0":{"start":{"line":10,"column":18},"end":{"line":10,"column":null}},"1":{"start":{"line":12,"column":2},"end":{"line":30,"column":null}},"2":{"start":{"line":20,"column":25},"end":{"line":20,"column":null}}},"fnMap":{"0":{"name":"UsersSearch","decl":{"start":{"line":9,"column":16},"end":{"line":9,"column":28}},"loc":{"start":{"line":9,"column":67},"end":{"line":32,"column":null}},"line":9},"1":{"name":"(anonymous_1)","decl":{"start":{"line":20,"column":18},"end":{"line":20,"column":19}},"loc":{"start":{"line":20,"column":25},"end":{"line":20,"column":null}},"line":20}},"branchMap":{},"s":{"0":2,"1":2,"2":5},"f":{"0":2,"1":5},"b":{},"meta":{"lastBranch":0,"lastFunction":2,"lastStatement":3,"seen":{"f:9:16:9:28":0,"s:10:18:10:Infinity":0,"s:12:2:30:Infinity":1,"f:20:18:20:19":1,"s:20:25:20:Infinity":2}}}
,"C:\\Users\\Isabelly Cardoso\\Documents\\isa\\react-user-management\\src\\features\\users\\components\\UsersTable\\index.tsx": {"path":"C:\\Users\\Isabelly Cardoso\\Documents\\isa\\react-user-management\\src\\features\\users\\components\\UsersTable\\index.tsx","statementMap":{"0":{"start":{"line":42,"column":8},"end":{"line":42,"column":null}},"1":{"start":{"line":43,"column":14},"end":{"line":43,"column":null}},"2":{"start":{"line":44,"column":25},"end":{"line":44,"column":null}},"3":{"start":{"line":45,"column":21},"end":{"line":45,"column":null}},"4":{"start":{"line":47,"column":2},"end":{"line":125,"column":null}},"5":{"start":{"line":65,"column":12},"end":{"line":89,"column":null}},"6":{"start":{"line":77,"column":33},"end":{"line":77,"column":null}},"7":{"start":{"line":83,"column":33},"end":{"line":83,"column":null}},"8":{"start":{"line":105,"column":28},"end":{"line":105,"column":null}},"9":{"start":{"line":108,"column":14},"end":{"line":110,"column":null}},"10":{"start":{"line":117,"column":12},"end":{"line":117,"column":null}},"11":{"start":{"line":122,"column":34},"end":{"line":122,"column":null}}},"fnMap":{"0":{"name":"UsersTable","decl":{"start":{"line":32,"column":16},"end":{"line":32,"column":27}},"loc":{"start":{"line":41,"column":10},"end":{"line":127,"column":null}},"line":41},"1":{"name":"(anonymous_1)","decl":{"start":{"line":64,"column":30},"end":{"line":64,"column":31}},"loc":{"start":{"line":65,"column":12},"end":{"line":89,"column":null}},"line":65},"2":{"name":"(anonymous_2)","decl":{"start":{"line":77,"column":27},"end":{"line":77,"column":33}},"loc":{"start":{"line":77,"column":33},"end":{"line":77,"column":null}},"line":77},"3":{"name":"(anonymous_3)","decl":{"start":{"line":83,"column":27},"end":{"line":83,"column":33}},"loc":{"start":{"line":83,"column":33},"end":{"line":83,"column":null}},"line":83},"4":{"name":"(anonymous_4)","decl":{"start":{"line":105,"column":22},"end":{"line":105,"column":28}},"loc":{"start":{"line":105,"column":28},"end":{"line":105,"column":null}},"line":105},"5":{"name":"(anonymous_5)","decl":{"start":{"line":107,"column":29},"end":{"line":107,"column":30}},"loc":{"start":{"line":108,"column":14},"end":{"line":110,"column":null}},"line":108},"6":{"name":"(anonymous_6)","decl":{"start":{"line":116,"column":28},"end":{"line":116,"column":29}},"loc":{"start":{"line":117,"column":12},"end":{"line":117,"column":null}},"line":117},"7":{"name":"(anonymous_7)","decl":{"start":{"line":122,"column":20},"end":{"line":122,"column":21}},"loc":{"start":{"line":122,"column":34},"end":{"line":122,"column":null}},"line":122}},"branchMap":{"0":{"loc":{"start":{"line":72,"column":25},"end":{"line":72,"column":null}},"type":"cond-expr","locations":[{"start":{"line":72,"column":51},"end":{"line":72,"column":63}},{"start":{"line":72,"column":63},"end":{"line":72,"column":null}}],"line":72},"1":{"loc":{"start":{"line":117,"column":12},"end":{"line":117,"column":null}},"type":"cond-expr","locations":[{"start":{"line":117,"column":30},"end":{"line":117,"column":57}},{"start":{"line":117,"column":57},"end":{"line":117,"column":null}}],"line":117}},"s":{"0":3,"1":3,"2":3,"3":3,"4":3,"5":6,"6":1,"7":0,"8":0,"9":9,"10":9,"11":0},"f":{"0":3,"1":6,"2":1,"3":0,"4":0,"5":9,"6":9,"7":0},"b":{"0":[3,3],"1":[3,6]},"meta":{"lastBranch":2,"lastFunction":8,"lastStatement":12,"seen":{"f:32:16:32:27":0,"s:42:8:42:Infinity":0,"s:43:14:43:Infinity":1,"s:44:25:44:Infinity":2,"s:45:21:45:Infinity":3,"s:47:2:125:Infinity":4,"f:64:30:64:31":1,"s:65:12:89:Infinity":5,"b:72:51:72:63:72:63:72:Infinity":0,"f:77:27:77:33":2,"s:77:33:77:Infinity":6,"f:83:27:83:33":3,"s:83:33:83:Infinity":7,"f:105:22:105:28":4,"s:105:28:105:Infinity":8,"f:107:29:107:30":5,"s:108:14:110:Infinity":9,"f:116:28:116:29":6,"s:117:12:117:Infinity":10,"b:117:30:117:57:117:57:117:Infinity":1,"f:122:20:122:21":7,"s:122:34:122:Infinity":11}}}
,"C:\\Users\\Isabelly Cardoso\\Documents\\isa\\react-user-management\\src\\features\\users\\pages\\UserList\\index.tsx": {"path":"C:\\Users\\Isabelly Cardoso\\Documents\\isa\\react-user-management\\src\\features\\users\\pages\\UserList\\index.tsx","statementMap":{"0":{"start":{"line":33,"column":8},"end":{"line":33,"column":null}},"1":{"start":{"line":35,"column":30},"end":{"line":35,"column":null}},"2":{"start":{"line":36,"column":36},"end":{"line":36,"column":null}},"3":{"start":{"line":37,"column":44},"end":{"line":37,"column":null}},"4":{"start":{"line":38,"column":8},"end":{"line":38,"column":null}},"5":{"start":{"line":39,"column":8},"end":{"line":39,"column":null}},"6":{"start":{"line":40,"column":26},"end":{"line":40,"column":null}},"7":{"start":{"line":41,"column":36},"end":{"line":41,"column":null}},"8":{"start":{"line":42,"column":17},"end":{"line":42,"column":null}},"9":{"start":{"line":43,"column":8},"end":{"line":43,"column":null}},"10":{"start":{"line":44,"column":21},"end":{"line":44,"column":null}},"11":{"start":{"line":45,"column":2},"end":{"line":47,"column":null}},"12":{"start":{"line":46,"column":4},"end":{"line":46,"column":null}},"13":{"start":{"line":49,"column":24},"end":{"line":51,"column":null}},"14":{"start":{"line":50,"column":4},"end":{"line":50,"column":null}},"15":{"start":{"line":53,"column":20},"end":{"line":56,"column":null}},"16":{"start":{"line":54,"column":4},"end":{"line":54,"column":null}},"17":{"start":{"line":55,"column":4},"end":{"line":55,"column":null}},"18":{"start":{"line":58,"column":21},"end":{"line":63,"column":null}},"19":{"start":{"line":59,"column":17},"end":{"line":59,"column":null}},"20":{"start":{"line":59,"column":35},"end":{"line":59,"column":46}},"21":{"start":{"line":60,"column":4},"end":{"line":60,"column":null}},"22":{"start":{"line":60,"column":15},"end":{"line":60,"column":null}},"23":{"start":{"line":61,"column":4},"end":{"line":61,"column":null}},"24":{"start":{"line":62,"column":4},"end":{"line":62,"column":null}},"25":{"start":{"line":65,"column":23},"end":{"line":75,"column":null}},"26":{"start":{"line":66,"column":4},"end":{"line":72,"column":null}},"27":{"start":{"line":67,"column":22},"end":{"line":67,"column":null}},"28":{"start":{"line":68,"column":6},"end":{"line":68,"column":null}},"29":{"start":{"line":70,"column":22},"end":{"line":70,"column":null}},"30":{"start":{"line":71,"column":6},"end":{"line":71,"column":null}},"31":{"start":{"line":73,"column":4},"end":{"line":73,"column":null}},"32":{"start":{"line":74,"column":4},"end":{"line":74,"column":null}},"33":{"start":{"line":77,"column":30},"end":{"line":82,"column":null}},"34":{"start":{"line":78,"column":4},"end":{"line":78,"column":null}},"35":{"start":{"line":78,"column":26},"end":{"line":78,"column":null}},"36":{"start":{"line":79,"column":4},"end":{"line":79,"column":null}},"37":{"start":{"line":80,"column":4},"end":{"line":80,"column":null}},"38":{"start":{"line":81,"column":4},"end":{"line":81,"column":null}},"39":{"start":{"line":84,"column":2},"end":{"line":93,"column":null}},"40":{"start":{"line":85,"column":4},"end":{"line":93,"column":null}},"41":{"start":{"line":96,"column":2},"end":{"line":143,"column":null}},"42":{"start":{"line":123,"column":23},"end":{"line":123,"column":null}},"43":{"start":{"line":140,"column":24},"end":{"line":140,"column":null}}},"fnMap":{"0":{"name":"UserList","decl":{"start":{"line":32,"column":24},"end":{"line":32,"column":35}},"loc":{"start":{"line":32,"column":35},"end":{"line":145,"column":null}},"line":32},"1":{"name":"(anonymous_1)","decl":{"start":{"line":45,"column":12},"end":{"line":45,"column":18}},"loc":{"start":{"line":45,"column":18},"end":{"line":47,"column":5}},"line":45},"2":{"name":"(anonymous_2)","decl":{"start":{"line":49,"column":37},"end":{"line":49,"column":38}},"loc":{"start":{"line":50,"column":4},"end":{"line":50,"column":null}},"line":50},"3":{"name":"(anonymous_3)","decl":{"start":{"line":53,"column":20},"end":{"line":53,"column":26}},"loc":{"start":{"line":53,"column":26},"end":{"line":56,"column":null}},"line":53},"4":{"name":"(anonymous_4)","decl":{"start":{"line":58,"column":21},"end":{"line":58,"column":22}},"loc":{"start":{"line":58,"column":46},"end":{"line":63,"column":null}},"line":58},"5":{"name":"(anonymous_5)","decl":{"start":{"line":59,"column":28},"end":{"line":59,"column":29}},"loc":{"start":{"line":59,"column":35},"end":{"line":59,"column":46}},"line":59},"6":{"name":"(anonymous_6)","decl":{"start":{"line":65,"column":23},"end":{"line":65,"column":30}},"loc":{"start":{"line":65,"column":53},"end":{"line":75,"column":null}},"line":65},"7":{"name":"(anonymous_7)","decl":{"start":{"line":77,"column":30},"end":{"line":77,"column":42}},"loc":{"start":{"line":77,"column":42},"end":{"line":82,"column":null}},"line":77},"8":{"name":"(anonymous_8)","decl":{"start":{"line":123,"column":17},"end":{"line":123,"column":23}},"loc":{"start":{"line":123,"column":23},"end":{"line":123,"column":null}},"line":123},"9":{"name":"(anonymous_9)","decl":{"start":{"line":140,"column":18},"end":{"line":140,"column":24}},"loc":{"start":{"line":140,"column":24},"end":{"line":140,"column":null}},"line":140}},"branchMap":{"0":{"loc":{"start":{"line":60,"column":4},"end":{"line":60,"column":null}},"type":"if","locations":[{"start":{"line":60,"column":4},"end":{"line":60,"column":null}},{"start":{},"end":{}}],"line":60},"1":{"loc":{"start":{"line":66,"column":4},"end":{"line":72,"column":null}},"type":"if","locations":[{"start":{"line":66,"column":4},"end":{"line":72,"column":null}},{"start":{"line":69,"column":11},"end":{"line":72,"column":null}}],"line":66},"2":{"loc":{"start":{"line":78,"column":4},"end":{"line":78,"column":null}},"type":"if","locations":[{"start":{"line":78,"column":4},"end":{"line":78,"column":null}},{"start":{},"end":{}}],"line":78},"3":{"loc":{"start":{"line":84,"column":2},"end":{"line":93,"column":null}},"type":"if","locations":[{"start":{"line":84,"column":2},"end":{"line":93,"column":null}},{"start":{},"end":{}}],"line":84},"4":{"loc":{"start":{"line":126,"column":10},"end":{"line":132,"column":null}},"type":"cond-expr","locations":[{"start":{"line":127,"column":14},"end":{"line":131,"column":null}},{"start":{"line":132,"column":14},"end":{"line":132,"column":null}}],"line":126}},"s":{"0":13,"1":13,"2":13,"3":13,"4":13,"5":13,"6":13,"7":13,"8":13,"9":13,"10":13,"11":13,"12":13,"13":13,"14":13,"15":13,"16":2,"17":2,"18":13,"19":1,"20":1,"21":1,"22":0,"23":1,"24":1,"25":13,"26":1,"27":0,"28":0,"29":1,"30":1,"31":1,"32":1,"33":13,"34":1,"35":0,"36":1,"37":1,"38":1,"39":13,"40":0,"41":13,"42":0,"43":0},"f":{"0":13,"1":13,"2":13,"3":2,"4":1,"5":1,"6":1,"7":1,"8":0,"9":0},"b":{"0":[0,1],"1":[0,1],"2":[0,1],"3":[0,13],"4":[1,12]},"meta":{"lastBranch":5,"lastFunction":10,"lastStatement":44,"seen":{"f:32:24:32:35":0,"s:33:8:33:Infinity":0,"s:35:30:35:Infinity":1,"s:36:36:36:Infinity":2,"s:37:44:37:Infinity":3,"s:38:8:38:Infinity":4,"s:39:8:39:Infinity":5,"s:40:26:40:Infinity":6,"s:41:36:41:Infinity":7,"s:42:17:42:Infinity":8,"s:43:8:43:Infinity":9,"s:44:21:44:Infinity":10,"s:45:2:47:Infinity":11,"f:45:12:45:18":1,"s:46:4:46:Infinity":12,"s:49:24:51:Infinity":13,"f:49:37:49:38":2,"s:50:4:50:Infinity":14,"s:53:20:56:Infinity":15,"f:53:20:53:26":3,"s:54:4:54:Infinity":16,"s:55:4:55:Infinity":17,"s:58:21:63:Infinity":18,"f:58:21:58:22":4,"s:59:17:59:Infinity":19,"f:59:28:59:29":5,"s:59:35:59:46":20,"b:60:4:60:Infinity:undefined:undefined:undefined:undefined":0,"s:60:4:60:Infinity":21,"s:60:15:60:Infinity":22,"s:61:4:61:Infinity":23,"s:62:4:62:Infinity":24,"s:65:23:75:Infinity":25,"f:65:23:65:30":6,"b:66:4:72:Infinity:69:11:72:Infinity":1,"s:66:4:72:Infinity":26,"s:67:22:67:Infinity":27,"s:68:6:68:Infinity":28,"s:70:22:70:Infinity":29,"s:71:6:71:Infinity":30,"s:73:4:73:Infinity":31,"s:74:4:74:Infinity":32,"s:77:30:82:Infinity":33,"f:77:30:77:42":7,"b:78:4:78:Infinity:undefined:undefined:undefined:undefined":2,"s:78:4:78:Infinity":34,"s:78:26:78:Infinity":35,"s:79:4:79:Infinity":36,"s:80:4:80:Infinity":37,"s:81:4:81:Infinity":38,"b:84:2:93:Infinity:undefined:undefined:undefined:undefined":3,"s:84:2:93:Infinity":39,"s:85:4:93:Infinity":40,"s:96:2:143:Infinity":41,"f:123:17:123:23":8,"s:123:23:123:Infinity":42,"b:127:14:131:Infinity:132:14:132:Infinity":4,"f:140:18:140:24":9,"s:140:24:140:Infinity":43}}}
,"C:\\Users\\Isabelly Cardoso\\Documents\\isa\\react-user-management\\src\\features\\users\\schema\\schemaCreateUser.ts": {"path":"C:\\Users\\Isabelly Cardoso\\Documents\\isa\\react-user-management\\src\\features\\users\\schema\\schemaCreateUser.ts","statementMap":{"0":{"start":{"line":3,"column":32},"end":{"line":18,"column":null}}},"fnMap":{},"branchMap":{},"s":{"0":1},"f":{},"b":{},"meta":{"lastBranch":0,"lastFunction":0,"lastStatement":1,"seen":{"s:3:32:18:Infinity":0}}}
,"C:\\Users\\Isabelly Cardoso\\Documents\\isa\\react-user-management\\src\\features\\users\\store\\reducers\\userSelectors.ts": {"path":"C:\\Users\\Isabelly Cardoso\\Documents\\isa\\react-user-management\\src\\features\\users\\store\\reducers\\userSelectors.ts","statementMap":{"0":{"start":{"line":5,"column":27},"end":{"line":5,"column":null}},"1":{"start":{"line":5,"column":49},"end":{"line":5,"column":null}},"2":{"start":{"line":6,"column":29},"end":{"line":6,"column":null}},"3":{"start":{"line":6,"column":51},"end":{"line":6,"column":null}},"4":{"start":{"line":7,"column":27},"end":{"line":7,"column":null}},"5":{"start":{"line":7,"column":49},"end":{"line":7,"column":null}},"6":{"start":{"line":9,"column":31},"end":{"line":13,"column":null}},"7":{"start":{"line":10,"column":8},"end":{"line":10,"column":null}},"8":{"start":{"line":11,"column":21},"end":{"line":11,"column":null}},"9":{"start":{"line":11,"column":27},"end":{"line":11,"column":null}},"10":{"start":{"line":12,"column":2},"end":{"line":12,"column":null}}},"fnMap":{"0":{"name":"(anonymous_0)","decl":{"start":{"line":5,"column":27},"end":{"line":5,"column":28}},"loc":{"start":{"line":5,"column":49},"end":{"line":5,"column":null}},"line":5},"1":{"name":"(anonymous_1)","decl":{"start":{"line":6,"column":29},"end":{"line":6,"column":30}},"loc":{"start":{"line":6,"column":51},"end":{"line":6,"column":null}},"line":6},"2":{"name":"(anonymous_2)","decl":{"start":{"line":7,"column":27},"end":{"line":7,"column":28}},"loc":{"start":{"line":7,"column":49},"end":{"line":7,"column":null}},"line":7},"3":{"name":"(anonymous_3)","decl":{"start":{"line":9,"column":31},"end":{"line":9,"column":37}},"loc":{"start":{"line":9,"column":37},"end":{"line":13,"column":null}},"line":9},"4":{"name":"(anonymous_4)","decl":{"start":{"line":11,"column":21},"end":{"line":11,"column":27}},"loc":{"start":{"line":11,"column":27},"end":{"line":11,"column":null}},"line":11}},"branchMap":{},"s":{"0":1,"1":0,"2":1,"3":0,"4":1,"5":0,"6":1,"7":13,"8":13,"9":0,"10":13},"f":{"0":0,"1":0,"2":0,"3":13,"4":0},"b":{},"meta":{"lastBranch":0,"lastFunction":5,"lastStatement":11,"seen":{"s:5:27:5:Infinity":0,"f:5:27:5:28":0,"s:5:49:5:Infinity":1,"s:6:29:6:Infinity":2,"f:6:29:6:30":1,"s:6:51:6:Infinity":3,"s:7:27:7:Infinity":4,"f:7:27:7:28":2,"s:7:49:7:Infinity":5,"s:9:31:13:Infinity":6,"f:9:31:9:37":3,"s:10:8:10:Infinity":7,"s:11:21:11:Infinity":8,"f:11:21:11:27":4,"s:11:27:11:Infinity":9,"s:12:2:12:Infinity":10}}}
,"C:\\Users\\Isabelly Cardoso\\Documents\\isa\\react-user-management\\src\\features\\users\\store\\reducers\\userSlice.ts": {"path":"C:\\Users\\Isabelly Cardoso\\Documents\\isa\\react-user-management\\src\\features\\users\\store\\reducers\\userSlice.ts","statementMap":{"0":{"start":{"line":17,"column":33},"end":{"line":21,"column":null}},"1":{"start":{"line":23,"column":13},"end":{"line":25,"column":null}},"2":{"start":{"line":24,"column":2},"end":{"line":24,"column":null}},"3":{"start":{"line":27,"column":6},"end":{"line":64,"column":null}},"4":{"start":{"line":32,"column":6},"end":{"line":32,"column":null}},"5":{"start":{"line":33,"column":6},"end":{"line":37,"column":null}},"6":{"start":{"line":34,"column":8},"end":{"line":36,"column":null}},"7":{"start":{"line":40,"column":6},"end":{"line":40,"column":null}},"8":{"start":{"line":43,"column":6},"end":{"line":45,"column":null}},"9":{"start":{"line":44,"column":8},"end":{"line":44,"column":null}},"10":{"start":{"line":48,"column":6},"end":{"line":48,"column":null}},"11":{"start":{"line":48,"column":46},"end":{"line":48,"column":69}},"12":{"start":{"line":52,"column":4},"end":{"line":62,"column":null}},"13":{"start":{"line":54,"column":8},"end":{"line":54,"column":null}},"14":{"start":{"line":57,"column":8},"end":{"line":57,"column":null}},"15":{"start":{"line":58,"column":8},"end":{"line":58,"column":null}},"16":{"start":{"line":61,"column":8},"end":{"line":61,"column":null}},"17":{"start":{"line":66,"column":62},"end":{"line":66,"column":null}}},"fnMap":{"0":{"name":"(anonymous_0)","decl":{"start":{"line":23,"column":63},"end":{"line":23,"column":75}},"loc":{"start":{"line":23,"column":75},"end":{"line":25,"column":1}},"line":23},"1":{"name":"(anonymous_1)","decl":{"start":{"line":31,"column":4},"end":{"line":31,"column":14}},"loc":{"start":{"line":31,"column":21},"end":{"line":38,"column":null}},"line":31},"2":{"name":"(anonymous_2)","decl":{"start":{"line":33,"column":23},"end":{"line":33,"column":24}},"loc":{"start":{"line":34,"column":8},"end":{"line":36,"column":null}},"line":34},"3":{"name":"(anonymous_3)","decl":{"start":{"line":39,"column":4},"end":{"line":39,"column":12}},"loc":{"start":{"line":39,"column":48},"end":{"line":41,"column":null}},"line":39},"4":{"name":"(anonymous_4)","decl":{"start":{"line":42,"column":4},"end":{"line":42,"column":15}},"loc":{"start":{"line":42,"column":51},"end":{"line":46,"column":null}},"line":42},"5":{"name":"(anonymous_5)","decl":{"start":{"line":43,"column":36},"end":{"line":43,"column":37}},"loc":{"start":{"line":44,"column":8},"end":{"line":44,"column":null}},"line":44},"6":{"name":"(anonymous_6)","decl":{"start":{"line":47,"column":4},"end":{"line":47,"column":15}},"loc":{"start":{"line":47,"column":62},"end":{"line":49,"column":null}},"line":47},"7":{"name":"(anonymous_7)","decl":{"start":{"line":48,"column":39},"end":{"line":48,"column":40}},"loc":{"start":{"line":48,"column":46},"end":{"line":48,"column":69}},"line":48},"8":{"name":"(anonymous_8)","decl":{"start":{"line":51,"column":17},"end":{"line":51,"column":18}},"loc":{"start":{"line":51,"column":30},"end":{"line":63,"column":null}},"line":51},"9":{"name":"(anonymous_9)","decl":{"start":{"line":53,"column":35},"end":{"line":53,"column":36}},"loc":{"start":{"line":53,"column":46},"end":{"line":55,"column":7}},"line":53},"10":{"name":"(anonymous_10)","decl":{"start":{"line":56,"column":37},"end":{"line":56,"column":38}},"loc":{"start":{"line":56,"column":79},"end":{"line":59,"column":7}},"line":56},"11":{"name":"(anonymous_11)","decl":{"start":{"line":60,"column":36},"end":{"line":60,"column":37}},"loc":{"start":{"line":60,"column":47},"end":{"line":62,"column":7}},"line":60}},"branchMap":{"0":{"loc":{"start":{"line":32,"column":20},"end":{"line":32,"column":null}},"type":"cond-expr","locations":[{"start":{"line":32,"column":44},"end":{"line":32,"column":53}},{"start":{"line":32,"column":53},"end":{"line":32,"column":null}}],"line":32},"1":{"loc":{"start":{"line":34,"column":8},"end":{"line":36,"column":null}},"type":"cond-expr","locations":[{"start":{"line":35,"column":12},"end":{"line":35,"column":null}},{"start":{"line":36,"column":12},"end":{"line":36,"column":null}}],"line":34},"2":{"loc":{"start":{"line":44,"column":8},"end":{"line":44,"column":null}},"type":"cond-expr","locations":[{"start":{"line":44,"column":37},"end":{"line":44,"column":54}},{"start":{"line":44,"column":54},"end":{"line":44,"column":null}}],"line":44}},"s":{"0":1,"1":1,"2":0,"3":1,"4":0,"5":0,"6":0,"7":0,"8":0,"9":0,"10":0,"11":0,"12":0,"13":0,"14":0,"15":0,"16":0,"17":1},"f":{"0":0,"1":0,"2":0,"3":0,"4":0,"5":0,"6":0,"7":0,"8":0,"9":0,"10":0,"11":0},"b":{"0":[0,0],"1":[0,0],"2":[0,0]},"meta":{"lastBranch":3,"lastFunction":12,"lastStatement":18,"seen":{"s:17:33:21:Infinity":0,"s:23:13:25:Infinity":1,"f:23:63:23:75":0,"s:24:2:24:Infinity":2,"s:27:6:64:Infinity":3,"f:31:4:31:14":1,"s:32:6:32:Infinity":4,"b:32:44:32:53:32:53:32:Infinity":0,"s:33:6:37:Infinity":5,"f:33:23:33:24":2,"s:34:8:36:Infinity":6,"b:35:12:35:Infinity:36:12:36:Infinity":1,"f:39:4:39:12":3,"s:40:6:40:Infinity":7,"f:42:4:42:15":4,"s:43:6:45:Infinity":8,"f:43:36:43:37":5,"s:44:8:44:Infinity":9,"b:44:37:44:54:44:54:44:Infinity":2,"f:47:4:47:15":6,"s:48:6:48:Infinity":10,"f:48:39:48:40":7,"s:48:46:48:69":11,"f:51:17:51:18":8,"s:52:4:62:Infinity":12,"f:53:35:53:36":9,"s:54:8:54:Infinity":13,"f:56:37:56:38":10,"s:57:8:57:Infinity":14,"s:58:8:58:Infinity":15,"f:60:36:60:37":11,"s:61:8:61:Infinity":16,"s:66:62:66:Infinity":17}}}
,"C:\\Users\\Isabelly Cardoso\\Documents\\isa\\react-user-management\\src\\services\\userService.ts": {"path":"C:\\Users\\Isabelly Cardoso\\Documents\\isa\\react-user-management\\src\\services\\userService.ts","statementMap":{"0":{"start":{"line":4,"column":12},"end":{"line":6,"column":null}},"1":{"start":{"line":8,"column":27},"end":{"line":33,"column":null}},"2":{"start":{"line":14,"column":21},"end":{"line":16,"column":null}},"3":{"start":{"line":17,"column":4},"end":{"line":17,"column":null}},"4":{"start":{"line":21,"column":21},"end":{"line":21,"column":null}},"5":{"start":{"line":22,"column":4},"end":{"line":22,"column":null}},"6":{"start":{"line":26,"column":21},"end":{"line":26,"column":null}},"7":{"start":{"line":27,"column":4},"end":{"line":27,"column":null}},"8":{"start":{"line":31,"column":4},"end":{"line":31,"column":null}}},"fnMap":{"0":{"name":"(anonymous_0)","decl":{"start":{"line":9,"column":10},"end":{"line":9,"column":null}},"loc":{"start":{"line":13,"column":24},"end":{"line":18,"column":null}},"line":13},"1":{"name":"(anonymous_1)","decl":{"start":{"line":20,"column":10},"end":{"line":20,"column":17}},"loc":{"start":{"line":20,"column":59},"end":{"line":23,"column":null}},"line":20},"2":{"name":"(anonymous_2)","decl":{"start":{"line":25,"column":10},"end":{"line":25,"column":17}},"loc":{"start":{"line":25,"column":47},"end":{"line":28,"column":null}},"line":25},"3":{"name":"(anonymous_3)","decl":{"start":{"line":30,"column":10},"end":{"line":30,"column":17}},"loc":{"start":{"line":30,"column":47},"end":{"line":32,"column":null}},"line":30}},"branchMap":{},"s":{"0":1,"1":1,"2":0,"3":0,"4":0,"5":0,"6":0,"7":0,"8":0},"f":{"0":0,"1":0,"2":0,"3":0},"b":{},"meta":{"lastBranch":0,"lastFunction":4,"lastStatement":9,"seen":{"s:4:12:6:Infinity":0,"s:8:27:33:Infinity":1,"f:9:10:9:Infinity":0,"s:14:21:16:Infinity":2,"s:17:4:17:Infinity":3,"f:20:10:20:17":1,"s:21:21:21:Infinity":4,"s:22:4:22:Infinity":5,"f:25:10:25:17":2,"s:26:21:26:Infinity":6,"s:27:4:27:Infinity":7,"f:30:10:30:17":3,"s:31:4:31:Infinity":8}}}
,"C:\\Users\\Isabelly Cardoso\\Documents\\isa\\react-user-management\\src\\store\\themeSlice.ts": {"path":"C:\\Users\\Isabelly Cardoso\\Documents\\isa\\react-user-management\\src\\store\\themeSlice.ts","statementMap":{"0":{"start":{"line":7,"column":33},"end":{"line":9,"column":null}},"1":{"start":{"line":11,"column":13},"end":{"line":22,"column":null}},"2":{"start":{"line":16,"column":6},"end":{"line":16,"column":null}},"3":{"start":{"line":19,"column":6},"end":{"line":19,"column":null}},"4":{"start":{"line":24,"column":47},"end":{"line":24,"column":null}}},"fnMap":{"0":{"name":"(anonymous_0)","decl":{"start":{"line":15,"column":20},"end":{"line":15,"column":21}},"loc":{"start":{"line":15,"column":31},"end":{"line":17,"column":null}},"line":15},"1":{"name":"(anonymous_1)","decl":{"start":{"line":18,"column":17},"end":{"line":18,"column":18}},"loc":{"start":{"line":18,"column":58},"end":{"line":20,"column":null}},"line":18}},"branchMap":{},"s":{"0":1,"1":1,"2":1,"3":0,"4":1},"f":{"0":1,"1":0},"b":{},"meta":{"lastBranch":0,"lastFunction":2,"lastStatement":5,"seen":{"s:7:33:9:Infinity":0,"s:11:13:22:Infinity":1,"f:15:20:15:21":0,"s:16:6:16:Infinity":2,"f:18:17:18:18":1,"s:19:6:19:Infinity":3,"s:24:47:24:Infinity":4}}}
}
